Arguments: 
  /usr/local/bin/node /usr/local/bin/yarn add -D tabby-config

PATH: 
  /usr/local/bin:/usr/bin:/bin:/usr/sbin:/sbin

Yarn version: 
  1.22.10

Node version: 
  16.8.0

Platform: 
  darwin x64

Trace: 
  Error: https://registry.npm.taobao.org/tabby-config: Not found
      at Request.params.callback [as _callback] (/usr/local/lib/node_modules/yarn/lib/cli.js:66988:18)
      at Request.self.callback (/usr/local/lib/node_modules/yarn/lib/cli.js:140662:22)
      at Request.emit (node:events:394:28)
      at Request.<anonymous> (/usr/local/lib/node_modules/yarn/lib/cli.js:141634:10)
      at Request.emit (node:events:394:28)
      at IncomingMessage.<anonymous> (/usr/local/lib/node_modules/yarn/lib/cli.js:141556:12)
      at Object.onceWrapper (node:events:513:28)
      at IncomingMessage.emit (node:events:406:35)
      at endReadableNT (node:internal/streams/readable:1343:12)
      at processTicksAndRejections (node:internal/process/task_queues:83:21)

npm manifest: 
  {
    "name": "tabby-fit-screen",
    "version": "1.0.0",
    "main": "./dist/index.js",
    "license": "MIT",
    "scripts": {
      "build": "tsc"
    },
    "keywords": [
      "tabby-plugin",
      "fit-screen"
    ],
    "dependencies": {
      "@angular/core": "^12.2.3"
    },
    "devDependencies": {
      "rxjs": "^7.3.0",
      "tabby-core": "^1.0.156-nightly.2",
      "typescript": "^4.4.2"
    },
    "author": {
      "name": "i18u"
    }
  }

yarn manifest: 
  No manifest

Lockfile: 
  # THIS IS AN AUTOGENERATED FILE. DO NOT EDIT THIS FILE DIRECTLY.
  # yarn lockfile v1
  
  
  "@angular/core@^12.2.3":
    version "12.2.3"
    resolved "https://registry.nlark.com/@angular/core/download/@angular/core-12.2.3.tgz?cache=0&sync_timestamp=1629931979916&other_urls=https%3A%2F%2Fregistry.nlark.com%2F%40angular%2Fcore%2Fdownload%2F%40angular%2Fcore-12.2.3.tgz#74f53915da3134f7e3a205219107b2eb4adcf8a6"
    integrity sha1-dPU5FdoxNPfjogUhkQey60rc+KY=
    dependencies:
      tslib "^2.2.0"
  
  rxjs@^7.3.0:
    version "7.3.0"
    resolved "https://registry.nlark.com/rxjs/download/rxjs-7.3.0.tgz#39fe4f3461dc1e50be1475b2b85a0a88c1e938c6"
    integrity sha1-Of5PNGHcHlC+FHWyuFoKiMHpOMY=
    dependencies:
      tslib "~2.1.0"
  
  tabby-core@^1.0.156-nightly.2:
    version "1.0.156-nightly.2"
    resolved "https://registry.nlark.com/tabby-core/download/tabby-core-1.0.156-nightly.2.tgz#70791d67f733947b0d85cc53034524b78e1ff153"
    integrity sha1-cHkdZ/czlHsNhcxTA0Ukt44f8VM=
  
  tslib@^2.2.0:
    version "2.3.1"
    resolved "https://registry.nlark.com/tslib/download/tslib-2.3.1.tgz?cache=0&sync_timestamp=1628722580350&other_urls=https%3A%2F%2Fregistry.nlark.com%2Ftslib%2Fdownload%2Ftslib-2.3.1.tgz#e8a335add5ceae51aa261d32a490158ef042ef01"
    integrity sha1-6KM1rdXOrlGqJh0ypJAVjvBC7wE=
  
  tslib@~2.1.0:
    version "2.1.0"
    resolved "https://registry.nlark.com/tslib/download/tslib-2.1.0.tgz?cache=0&sync_timestamp=1628722580350&other_urls=https%3A%2F%2Fregistry.nlark.com%2Ftslib%2Fdownload%2Ftslib-2.1.0.tgz#da60860f1c2ecaa5703ab7d39bc05b6bf988b97a"
    integrity sha1-2mCGDxwuyqVwOrfTm8Bba/mIuXo=
  
  typescript@^4.4.2:
    version "4.4.2"
    resolved "https://registry.nlark.com/typescript/download/typescript-4.4.2.tgz?cache=0&sync_timestamp=1630011920137&other_urls=https%3A%2F%2Fregistry.nlark.com%2Ftypescript%2Fdownload%2Ftypescript-4.4.2.tgz#6d618640d430e3569a1dfb44f7d7e600ced3ee86"
    integrity sha1-bWGGQNQw41aaHftE99fmAM7T7oY=
